{"level":"error","message":"Unhandled Rejection: logger is not defined","service":"job-alert-service","timestamp":"2025-10-18 12:45:18"}
{"level":"error","message":"Database connection error: connect ECONNREFUSED ::1:27017, connect ECONNREFUSED 127.0.0.1:27017","service":"job-alert-service","timestamp":"2025-10-18 12:48:45"}
{"level":"error","message":"Database connection error: connect ECONNREFUSED ::1:27017, connect ECONNREFUSED 127.0.0.1:27017","service":"job-alert-service","timestamp":"2025-10-18 13:09:14"}
{"level":"error","message":"Database connection error: connect ECONNREFUSED ::1:27017, connect ECONNREFUSED 127.0.0.1:27017","service":"job-alert-service","timestamp":"2025-10-25 12:04:19"}
{"level":"error","message":"Database connection error: connect ECONNREFUSED ::1:27017, connect ECONNREFUSED 127.0.0.1:27017","service":"job-alert-service","timestamp":"2025-10-25 12:09:48"}
{"level":"error","message":"Database connection error: connect ECONNREFUSED ::1:27017, connect ECONNREFUSED 127.0.0.1:27017","service":"job-alert-service","timestamp":"2025-10-25 12:10:50"}
{"level":"error","message":"Database connection error: connect ECONNREFUSED ::1:27017, connect ECONNREFUSED 127.0.0.1:27017","service":"job-alert-service","timestamp":"2025-10-25 12:21:22"}
{"level":"error","message":"Database connection error: connect ECONNREFUSED ::1:27017, connect ECONNREFUSED 127.0.0.1:27017","service":"job-alert-service","timestamp":"2025-10-25 12:23:13"}
{"level":"error","message":"Database connection error: connect ECONNREFUSED ::1:27017, connect ECONNREFUSED 127.0.0.1:27017","service":"job-alert-service","timestamp":"2025-10-25 12:27:26"}
{"level":"error","message":"Database connection error: connect ECONNREFUSED ::1:27017, connect ECONNREFUSED 127.0.0.1:27017","service":"job-alert-service","timestamp":"2025-10-25 12:48:41"}
{"level":"error","message":"Database connection error: connect ECONNREFUSED ::1:27017, connect ECONNREFUSED 127.0.0.1:27017","service":"job-alert-service","timestamp":"2025-10-31 11:09:21"}
{"level":"error","message":"Database connection error: connect ECONNREFUSED ::1:27017, connect ECONNREFUSED 127.0.0.1:27017","service":"job-alert-service","timestamp":"2025-10-31 11:21:24"}
{"level":"error","message":"Database connection error: connect ECONNREFUSED ::1:27017, connect ECONNREFUSED 127.0.0.1:27017","service":"job-alert-service","timestamp":"2025-10-31 11:41:41"}
{"level":"error","message":"Database connection error: Could not connect to any servers in your MongoDB Atlas cluster. One common reason is that you're trying to access the database from an IP that isn't whitelisted. Make sure your current IP address is on your Atlas cluster's IP whitelist: https://www.mongodb.com/docs/atlas/security-whitelist/","service":"job-alert-service","timestamp":"2025-10-31 11:42:27"}
{"level":"error","message":"Database connection error: Could not connect to any servers in your MongoDB Atlas cluster. One common reason is that you're trying to access the database from an IP that isn't whitelisted. Make sure your current IP address is on your Atlas cluster's IP whitelist: https://www.mongodb.com/docs/atlas/security-whitelist/","service":"job-alert-service","timestamp":"2025-10-31 11:53:27"}
{"level":"error","message":"Database connection error: Could not connect to any servers in your MongoDB Atlas cluster. One common reason is that you're trying to access the database from an IP that isn't whitelisted. Make sure your current IP address is on your Atlas cluster's IP whitelist: https://www.mongodb.com/docs/atlas/security-whitelist/","service":"job-alert-service","timestamp":"2025-10-31 12:04:04"}
{"level":"error","message":"Database connection error: Could not connect to any servers in your MongoDB Atlas cluster. One common reason is that you're trying to access the database from an IP that isn't whitelisted. Make sure your current IP address is on your Atlas cluster's IP whitelist: https://www.mongodb.com/docs/atlas/security-whitelist/","service":"job-alert-service","timestamp":"2025-10-31 12:07:32"}
{"level":"error","message":"Error saving job: JobListing validation failed: experienceLevel: `null` is not a valid enum value for path `experienceLevel`.","service":"job-alert-service","timestamp":"2025-10-31 12:34:08"}
{"level":"error","message":"Error saving job: JobListing validation failed: experienceLevel: `null` is not a valid enum value for path `experienceLevel`.","service":"job-alert-service","timestamp":"2025-10-31 12:34:08"}
{"level":"error","message":"Error saving job: JobListing validation failed: experienceLevel: `null` is not a valid enum value for path `experienceLevel`.","service":"job-alert-service","timestamp":"2025-10-31 12:34:08"}
{"level":"error","message":"Error saving job: JobListing validation failed: experienceLevel: `null` is not a valid enum value for path `experienceLevel`.","service":"job-alert-service","timestamp":"2025-10-31 12:34:08"}
{"level":"error","message":"Error saving job: JobListing validation failed: experienceLevel: `null` is not a valid enum value for path `experienceLevel`.","service":"job-alert-service","timestamp":"2025-10-31 12:34:08"}
{"level":"error","message":"Error saving job: JobListing validation failed: experienceLevel: `null` is not a valid enum value for path `experienceLevel`.","service":"job-alert-service","timestamp":"2025-10-31 12:34:08"}
{"level":"error","message":"Error saving job: JobListing validation failed: experienceLevel: `null` is not a valid enum value for path `experienceLevel`.","service":"job-alert-service","timestamp":"2025-10-31 12:34:08"}
{"level":"error","message":"Error saving job: JobListing validation failed: experienceLevel: `null` is not a valid enum value for path `experienceLevel`.","service":"job-alert-service","timestamp":"2025-10-31 12:34:08"}
{"level":"error","message":"Error saving job: JobListing validation failed: experienceLevel: `null` is not a valid enum value for path `experienceLevel`.","service":"job-alert-service","timestamp":"2025-10-31 12:34:08"}
{"level":"error","message":"Error saving job: JobListing validation failed: experienceLevel: `null` is not a valid enum value for path `experienceLevel`.","service":"job-alert-service","timestamp":"2025-10-31 12:34:08"}
{"level":"error","message":"Error saving job: JobListing validation failed: experienceLevel: `null` is not a valid enum value for path `experienceLevel`.","service":"job-alert-service","timestamp":"2025-10-31 12:34:08"}
{"level":"error","message":"Error saving job: JobListing validation failed: experienceLevel: `null` is not a valid enum value for path `experienceLevel`.","service":"job-alert-service","timestamp":"2025-10-31 12:34:08"}
{"level":"error","message":"Error saving job: JobListing validation failed: experienceLevel: `null` is not a valid enum value for path `experienceLevel`.","service":"job-alert-service","timestamp":"2025-10-31 12:34:09"}
{"level":"error","message":"Error saving job: JobListing validation failed: experienceLevel: `null` is not a valid enum value for path `experienceLevel`.","service":"job-alert-service","timestamp":"2025-10-31 12:34:09"}
{"level":"error","message":"Error saving job: JobListing validation failed: experienceLevel: `null` is not a valid enum value for path `experienceLevel`.","service":"job-alert-service","timestamp":"2025-10-31 12:34:09"}
{"level":"error","message":"Error saving job: JobListing validation failed: experienceLevel: `null` is not a valid enum value for path `experienceLevel`.","service":"job-alert-service","timestamp":"2025-10-31 12:34:09"}
{"level":"error","message":"Error saving job: JobListing validation failed: location: Path `location` is required., experienceLevel: `null` is not a valid enum value for path `experienceLevel`.","service":"job-alert-service","timestamp":"2025-10-31 12:34:09"}
{"level":"error","message":"Error saving job: JobListing validation failed: experienceLevel: `null` is not a valid enum value for path `experienceLevel`.","service":"job-alert-service","timestamp":"2025-10-31 12:39:47"}
{"level":"error","message":"Error saving job: JobListing validation failed: experienceLevel: `null` is not a valid enum value for path `experienceLevel`.","service":"job-alert-service","timestamp":"2025-10-31 12:39:47"}
{"level":"error","message":"Error saving job: JobListing validation failed: experienceLevel: `null` is not a valid enum value for path `experienceLevel`.","service":"job-alert-service","timestamp":"2025-10-31 12:39:47"}
{"level":"error","message":"Error saving job: JobListing validation failed: experienceLevel: `null` is not a valid enum value for path `experienceLevel`.","service":"job-alert-service","timestamp":"2025-10-31 12:39:47"}
{"level":"error","message":"Error saving job: JobListing validation failed: experienceLevel: `null` is not a valid enum value for path `experienceLevel`.","service":"job-alert-service","timestamp":"2025-10-31 12:39:47"}
{"level":"error","message":"Error saving job: JobListing validation failed: experienceLevel: `null` is not a valid enum value for path `experienceLevel`.","service":"job-alert-service","timestamp":"2025-10-31 12:39:47"}
{"level":"error","message":"Error saving job: JobListing validation failed: experienceLevel: `null` is not a valid enum value for path `experienceLevel`.","service":"job-alert-service","timestamp":"2025-10-31 12:39:47"}
{"level":"error","message":"Error saving job: JobListing validation failed: experienceLevel: `null` is not a valid enum value for path `experienceLevel`.","service":"job-alert-service","timestamp":"2025-10-31 12:39:47"}
{"level":"error","message":"Error saving job: JobListing validation failed: experienceLevel: `null` is not a valid enum value for path `experienceLevel`.","service":"job-alert-service","timestamp":"2025-10-31 12:39:47"}
{"level":"error","message":"Error saving job: JobListing validation failed: experienceLevel: `null` is not a valid enum value for path `experienceLevel`.","service":"job-alert-service","timestamp":"2025-10-31 12:39:47"}
{"level":"error","message":"Error saving job: JobListing validation failed: experienceLevel: `null` is not a valid enum value for path `experienceLevel`.","service":"job-alert-service","timestamp":"2025-10-31 12:39:47"}
{"level":"error","message":"Error saving job: JobListing validation failed: experienceLevel: `null` is not a valid enum value for path `experienceLevel`.","service":"job-alert-service","timestamp":"2025-10-31 12:39:47"}
{"level":"error","message":"Error saving job: JobListing validation failed: experienceLevel: `null` is not a valid enum value for path `experienceLevel`.","service":"job-alert-service","timestamp":"2025-10-31 12:39:47"}
{"level":"error","message":"Error saving job: JobListing validation failed: experienceLevel: `null` is not a valid enum value for path `experienceLevel`.","service":"job-alert-service","timestamp":"2025-10-31 12:39:47"}
{"level":"error","message":"Error saving job: JobListing validation failed: experienceLevel: `null` is not a valid enum value for path `experienceLevel`.","service":"job-alert-service","timestamp":"2025-10-31 13:09:24"}
{"level":"error","message":"Error saving job: JobListing validation failed: experienceLevel: `null` is not a valid enum value for path `experienceLevel`.","service":"job-alert-service","timestamp":"2025-10-31 13:09:24"}
{"level":"error","message":"Error saving job: JobListing validation failed: experienceLevel: `null` is not a valid enum value for path `experienceLevel`.","service":"job-alert-service","timestamp":"2025-10-31 13:09:24"}
{"level":"error","message":"Error saving job: JobListing validation failed: experienceLevel: `null` is not a valid enum value for path `experienceLevel`.","service":"job-alert-service","timestamp":"2025-10-31 13:09:24"}
{"level":"error","message":"Error saving job: JobListing validation failed: experienceLevel: `null` is not a valid enum value for path `experienceLevel`.","service":"job-alert-service","timestamp":"2025-10-31 13:09:24"}
{"level":"error","message":"Error saving job: JobListing validation failed: experienceLevel: `null` is not a valid enum value for path `experienceLevel`.","service":"job-alert-service","timestamp":"2025-10-31 13:09:25"}
{"level":"error","message":"Error saving job: JobListing validation failed: experienceLevel: `null` is not a valid enum value for path `experienceLevel`.","service":"job-alert-service","timestamp":"2025-10-31 13:09:25"}
{"level":"error","message":"Error saving job: JobListing validation failed: experienceLevel: `null` is not a valid enum value for path `experienceLevel`.","service":"job-alert-service","timestamp":"2025-10-31 13:09:25"}
{"level":"error","message":"Error saving job: JobListing validation failed: experienceLevel: `null` is not a valid enum value for path `experienceLevel`.","service":"job-alert-service","timestamp":"2025-10-31 13:09:25"}
{"level":"error","message":"Error saving job: JobListing validation failed: experienceLevel: `null` is not a valid enum value for path `experienceLevel`.","service":"job-alert-service","timestamp":"2025-10-31 13:09:25"}
{"level":"error","message":"Error saving job: JobListing validation failed: experienceLevel: `null` is not a valid enum value for path `experienceLevel`.","service":"job-alert-service","timestamp":"2025-10-31 13:09:25"}
{"level":"error","message":"Error saving job: JobListing validation failed: experienceLevel: `null` is not a valid enum value for path `experienceLevel`.","service":"job-alert-service","timestamp":"2025-10-31 13:09:25"}
{"level":"error","message":"Error saving job: JobListing validation failed: experienceLevel: `null` is not a valid enum value for path `experienceLevel`.","service":"job-alert-service","timestamp":"2025-10-31 13:09:25"}
{"level":"error","message":"Error saving job: JobListing validation failed: experienceLevel: `null` is not a valid enum value for path `experienceLevel`.","service":"job-alert-service","timestamp":"2025-10-31 13:09:25"}
{"level":"error","message":"Error saving job: JobListing validation failed: experienceLevel: `null` is not a valid enum value for path `experienceLevel`.","service":"job-alert-service","timestamp":"2025-10-31 13:09:25"}
{"level":"error","message":"Error saving job: JobListing validation failed: experienceLevel: `null` is not a valid enum value for path `experienceLevel`.","service":"job-alert-service","timestamp":"2025-10-31 13:09:25"}
{"level":"error","message":"Error saving job: JobListing validation failed: experienceLevel: `null` is not a valid enum value for path `experienceLevel`.","service":"job-alert-service","timestamp":"2025-10-31 13:13:08"}
{"level":"error","message":"Error saving job: JobListing validation failed: experienceLevel: `null` is not a valid enum value for path `experienceLevel`.","service":"job-alert-service","timestamp":"2025-10-31 13:13:08"}
{"level":"error","message":"Error saving job: JobListing validation failed: experienceLevel: `null` is not a valid enum value for path `experienceLevel`.","service":"job-alert-service","timestamp":"2025-10-31 13:13:08"}
{"level":"error","message":"Error saving job: JobListing validation failed: experienceLevel: `null` is not a valid enum value for path `experienceLevel`.","service":"job-alert-service","timestamp":"2025-10-31 13:13:08"}
{"level":"error","message":"Error saving job: JobListing validation failed: experienceLevel: `null` is not a valid enum value for path `experienceLevel`.","service":"job-alert-service","timestamp":"2025-10-31 13:13:08"}
{"level":"error","message":"Error saving job: JobListing validation failed: experienceLevel: `null` is not a valid enum value for path `experienceLevel`.","service":"job-alert-service","timestamp":"2025-10-31 13:13:08"}
{"level":"error","message":"Error saving job: JobListing validation failed: experienceLevel: `null` is not a valid enum value for path `experienceLevel`.","service":"job-alert-service","timestamp":"2025-10-31 13:13:08"}
{"level":"error","message":"Error saving job: JobListing validation failed: experienceLevel: `null` is not a valid enum value for path `experienceLevel`.","service":"job-alert-service","timestamp":"2025-10-31 13:13:08"}
{"level":"error","message":"Error saving job: JobListing validation failed: experienceLevel: `null` is not a valid enum value for path `experienceLevel`.","service":"job-alert-service","timestamp":"2025-10-31 13:13:08"}
{"level":"error","message":"Error saving job: JobListing validation failed: experienceLevel: `null` is not a valid enum value for path `experienceLevel`.","service":"job-alert-service","timestamp":"2025-10-31 13:13:08"}
{"level":"error","message":"Error saving job: JobListing validation failed: experienceLevel: `null` is not a valid enum value for path `experienceLevel`.","service":"job-alert-service","timestamp":"2025-10-31 13:13:08"}
{"level":"error","message":"Error saving job: JobListing validation failed: experienceLevel: `null` is not a valid enum value for path `experienceLevel`.","service":"job-alert-service","timestamp":"2025-10-31 13:13:08"}
{"level":"error","message":"Error saving job: JobListing validation failed: experienceLevel: `null` is not a valid enum value for path `experienceLevel`.","service":"job-alert-service","timestamp":"2025-10-31 13:13:08"}
{"level":"error","message":"Error saving job: JobListing validation failed: experienceLevel: `null` is not a valid enum value for path `experienceLevel`.","service":"job-alert-service","timestamp":"2025-10-31 13:13:08"}
{"level":"error","message":"Error saving job: JobListing validation failed: experienceLevel: `null` is not a valid enum value for path `experienceLevel`.","service":"job-alert-service","timestamp":"2025-10-31 13:13:09"}
{"level":"error","message":"Error saving job: JobListing validation failed: experienceLevel: `null` is not a valid enum value for path `experienceLevel`.","service":"job-alert-service","timestamp":"2025-10-31 13:13:09"}
{"level":"error","message":"Error saving job: JobListing validation failed: experienceLevel: `null` is not a valid enum value for path `experienceLevel`.","service":"job-alert-service","timestamp":"2025-10-31 13:18:30"}
{"level":"error","message":"Error saving job: JobListing validation failed: experienceLevel: `null` is not a valid enum value for path `experienceLevel`.","service":"job-alert-service","timestamp":"2025-10-31 13:18:30"}
{"level":"error","message":"Error saving job: JobListing validation failed: experienceLevel: `null` is not a valid enum value for path `experienceLevel`.","service":"job-alert-service","timestamp":"2025-10-31 13:18:30"}
{"level":"error","message":"Error saving job: JobListing validation failed: experienceLevel: `null` is not a valid enum value for path `experienceLevel`.","service":"job-alert-service","timestamp":"2025-10-31 13:18:30"}
{"level":"error","message":"Error saving job: JobListing validation failed: experienceLevel: `null` is not a valid enum value for path `experienceLevel`.","service":"job-alert-service","timestamp":"2025-10-31 13:18:30"}
{"level":"error","message":"Error saving job: JobListing validation failed: experienceLevel: `null` is not a valid enum value for path `experienceLevel`.","service":"job-alert-service","timestamp":"2025-10-31 13:18:30"}
{"level":"error","message":"Error saving job: JobListing validation failed: experienceLevel: `null` is not a valid enum value for path `experienceLevel`.","service":"job-alert-service","timestamp":"2025-10-31 13:18:30"}
{"level":"error","message":"Error saving job: JobListing validation failed: experienceLevel: `null` is not a valid enum value for path `experienceLevel`.","service":"job-alert-service","timestamp":"2025-10-31 13:18:30"}
{"level":"error","message":"Error saving job: JobListing validation failed: experienceLevel: `null` is not a valid enum value for path `experienceLevel`.","service":"job-alert-service","timestamp":"2025-10-31 13:18:30"}
{"level":"error","message":"Error saving job: JobListing validation failed: experienceLevel: `null` is not a valid enum value for path `experienceLevel`.","service":"job-alert-service","timestamp":"2025-10-31 13:18:30"}
{"level":"error","message":"Error saving job: JobListing validation failed: experienceLevel: `null` is not a valid enum value for path `experienceLevel`.","service":"job-alert-service","timestamp":"2025-10-31 13:18:30"}
{"level":"error","message":"Error saving job: JobListing validation failed: experienceLevel: `null` is not a valid enum value for path `experienceLevel`.","service":"job-alert-service","timestamp":"2025-10-31 13:18:30"}
{"level":"error","message":"Error saving job: JobListing validation failed: experienceLevel: `null` is not a valid enum value for path `experienceLevel`.","service":"job-alert-service","timestamp":"2025-10-31 13:18:30"}
{"level":"error","message":"Error saving job: JobListing validation failed: experienceLevel: `null` is not a valid enum value for path `experienceLevel`.","service":"job-alert-service","timestamp":"2025-10-31 13:18:30"}
{"level":"error","message":"Error saving job: JobListing validation failed: experienceLevel: `null` is not a valid enum value for path `experienceLevel`.","service":"job-alert-service","timestamp":"2025-10-31 13:18:31"}
{"level":"error","message":"Error saving job: JobListing validation failed: experienceLevel: `null` is not a valid enum value for path `experienceLevel`.","service":"job-alert-service","timestamp":"2025-10-31 13:18:31"}
{"level":"error","message":"Error saving job: JobListing validation failed: experienceLevel: `null` is not a valid enum value for path `experienceLevel`.","service":"job-alert-service","timestamp":"2025-10-31 13:28:31"}
{"level":"error","message":"Error saving job: JobListing validation failed: experienceLevel: `null` is not a valid enum value for path `experienceLevel`.","service":"job-alert-service","timestamp":"2025-10-31 13:28:31"}
{"level":"error","message":"Error saving job: JobListing validation failed: experienceLevel: `null` is not a valid enum value for path `experienceLevel`.","service":"job-alert-service","timestamp":"2025-10-31 13:28:31"}
{"level":"error","message":"Error saving job: JobListing validation failed: experienceLevel: `null` is not a valid enum value for path `experienceLevel`.","service":"job-alert-service","timestamp":"2025-10-31 13:28:31"}
{"level":"error","message":"Error saving job: JobListing validation failed: experienceLevel: `null` is not a valid enum value for path `experienceLevel`.","service":"job-alert-service","timestamp":"2025-10-31 13:28:31"}
{"level":"error","message":"Error saving job: JobListing validation failed: experienceLevel: `null` is not a valid enum value for path `experienceLevel`.","service":"job-alert-service","timestamp":"2025-10-31 13:28:31"}
{"level":"error","message":"Error saving job: JobListing validation failed: experienceLevel: `null` is not a valid enum value for path `experienceLevel`.","service":"job-alert-service","timestamp":"2025-10-31 13:28:31"}
{"level":"error","message":"Error saving job: JobListing validation failed: experienceLevel: `null` is not a valid enum value for path `experienceLevel`.","service":"job-alert-service","timestamp":"2025-10-31 13:28:31"}
{"level":"error","message":"Error saving job: JobListing validation failed: experienceLevel: `null` is not a valid enum value for path `experienceLevel`.","service":"job-alert-service","timestamp":"2025-10-31 13:28:31"}
{"level":"error","message":"Error saving job: JobListing validation failed: experienceLevel: `null` is not a valid enum value for path `experienceLevel`.","service":"job-alert-service","timestamp":"2025-10-31 13:28:31"}
{"level":"error","message":"Error saving job: JobListing validation failed: experienceLevel: `null` is not a valid enum value for path `experienceLevel`.","service":"job-alert-service","timestamp":"2025-10-31 13:28:31"}
{"level":"error","message":"Error saving job: JobListing validation failed: experienceLevel: `null` is not a valid enum value for path `experienceLevel`.","service":"job-alert-service","timestamp":"2025-10-31 13:28:31"}
{"level":"error","message":"Error saving job: JobListing validation failed: experienceLevel: `null` is not a valid enum value for path `experienceLevel`.","service":"job-alert-service","timestamp":"2025-10-31 13:28:31"}
{"level":"error","message":"Error saving job: JobListing validation failed: experienceLevel: `null` is not a valid enum value for path `experienceLevel`.","service":"job-alert-service","timestamp":"2025-10-31 13:28:31"}
{"level":"error","message":"Error saving job: JobListing validation failed: experienceLevel: `null` is not a valid enum value for path `experienceLevel`.","service":"job-alert-service","timestamp":"2025-10-31 13:28:31"}
{"level":"error","message":"Error saving job: JobListing validation failed: experienceLevel: `null` is not a valid enum value for path `experienceLevel`.","service":"job-alert-service","timestamp":"2025-10-31 13:28:31"}
{"level":"error","message":"Error saving job: JobListing validation failed: experienceLevel: `null` is not a valid enum value for path `experienceLevel`.","service":"job-alert-service","timestamp":"2025-10-31 14:02:54"}
{"level":"error","message":"Error saving job: JobListing validation failed: experienceLevel: `null` is not a valid enum value for path `experienceLevel`.","service":"job-alert-service","timestamp":"2025-10-31 14:02:54"}
{"level":"error","message":"Error saving job: JobListing validation failed: experienceLevel: `null` is not a valid enum value for path `experienceLevel`.","service":"job-alert-service","timestamp":"2025-10-31 14:02:54"}
{"level":"error","message":"Error saving job: JobListing validation failed: experienceLevel: `null` is not a valid enum value for path `experienceLevel`.","service":"job-alert-service","timestamp":"2025-10-31 14:02:54"}
{"level":"error","message":"Error saving job: JobListing validation failed: experienceLevel: `null` is not a valid enum value for path `experienceLevel`.","service":"job-alert-service","timestamp":"2025-10-31 14:02:54"}
{"level":"error","message":"Error saving job: JobListing validation failed: experienceLevel: `null` is not a valid enum value for path `experienceLevel`.","service":"job-alert-service","timestamp":"2025-10-31 14:02:54"}
{"level":"error","message":"Error saving job: JobListing validation failed: experienceLevel: `null` is not a valid enum value for path `experienceLevel`.","service":"job-alert-service","timestamp":"2025-10-31 14:02:54"}
{"level":"error","message":"Error saving job: JobListing validation failed: experienceLevel: `null` is not a valid enum value for path `experienceLevel`.","service":"job-alert-service","timestamp":"2025-10-31 14:02:54"}
{"level":"error","message":"Error saving job: JobListing validation failed: experienceLevel: `null` is not a valid enum value for path `experienceLevel`.","service":"job-alert-service","timestamp":"2025-10-31 14:02:54"}
{"level":"error","message":"Error saving job: JobListing validation failed: experienceLevel: `null` is not a valid enum value for path `experienceLevel`.","service":"job-alert-service","timestamp":"2025-10-31 14:02:54"}
{"level":"error","message":"Error saving job: JobListing validation failed: experienceLevel: `null` is not a valid enum value for path `experienceLevel`.","service":"job-alert-service","timestamp":"2025-10-31 14:02:54"}
{"level":"error","message":"Error saving job: JobListing validation failed: experienceLevel: `null` is not a valid enum value for path `experienceLevel`.","service":"job-alert-service","timestamp":"2025-10-31 14:02:54"}
{"level":"error","message":"Error saving job: JobListing validation failed: experienceLevel: `null` is not a valid enum value for path `experienceLevel`.","service":"job-alert-service","timestamp":"2025-10-31 14:02:54"}
{"level":"error","message":"Error saving job: JobListing validation failed: experienceLevel: `null` is not a valid enum value for path `experienceLevel`.","service":"job-alert-service","timestamp":"2025-10-31 14:02:54"}
{"level":"error","message":"Error saving job: JobListing validation failed: experienceLevel: `null` is not a valid enum value for path `experienceLevel`.","service":"job-alert-service","timestamp":"2025-10-31 14:02:54"}
{"level":"error","message":"Error saving job: JobListing validation failed: experienceLevel: `null` is not a valid enum value for path `experienceLevel`.","service":"job-alert-service","timestamp":"2025-10-31 14:02:54"}
{"level":"error","message":"LinkedIn scraping error: Waiting for selector `.jobs-search__results-list` failed: Waiting failed: 5000ms exceeded","service":"job-alert-service","timestamp":"2025-11-01 14:24:18"}
{"level":"error","message":"Error saving job: JobListing validation failed: experienceLevel: `null` is not a valid enum value for path `experienceLevel`.","service":"job-alert-service","timestamp":"2025-11-01 14:24:27"}
{"level":"error","message":"Error saving job: JobListing validation failed: experienceLevel: `null` is not a valid enum value for path `experienceLevel`.","service":"job-alert-service","timestamp":"2025-11-01 14:24:27"}
{"level":"error","message":"Error saving job: JobListing validation failed: experienceLevel: `null` is not a valid enum value for path `experienceLevel`.","service":"job-alert-service","timestamp":"2025-11-01 14:24:27"}
{"level":"error","message":"Error saving job: JobListing validation failed: experienceLevel: `null` is not a valid enum value for path `experienceLevel`.","service":"job-alert-service","timestamp":"2025-11-01 14:24:27"}
{"level":"error","message":"Error saving job: JobListing validation failed: experienceLevel: `null` is not a valid enum value for path `experienceLevel`.","service":"job-alert-service","timestamp":"2025-11-01 14:24:27"}
{"level":"error","message":"Error saving job: JobListing validation failed: experienceLevel: `null` is not a valid enum value for path `experienceLevel`.","service":"job-alert-service","timestamp":"2025-11-01 14:24:27"}
{"level":"error","message":"Error saving job: JobListing validation failed: experienceLevel: `null` is not a valid enum value for path `experienceLevel`.","service":"job-alert-service","timestamp":"2025-11-01 14:24:27"}
{"level":"error","message":"Error saving job: JobListing validation failed: experienceLevel: `null` is not a valid enum value for path `experienceLevel`.","service":"job-alert-service","timestamp":"2025-11-01 14:24:27"}
{"level":"error","message":"Error saving job: JobListing validation failed: experienceLevel: `null` is not a valid enum value for path `experienceLevel`.","service":"job-alert-service","timestamp":"2025-11-01 14:24:27"}
{"level":"error","message":"Error saving job: JobListing validation failed: experienceLevel: `null` is not a valid enum value for path `experienceLevel`.","service":"job-alert-service","timestamp":"2025-11-01 14:24:27"}
{"level":"error","message":"Error saving job: JobListing validation failed: experienceLevel: `null` is not a valid enum value for path `experienceLevel`.","service":"job-alert-service","timestamp":"2025-11-01 14:24:27"}
{"level":"error","message":"Error saving job: JobListing validation failed: experienceLevel: `null` is not a valid enum value for path `experienceLevel`.","service":"job-alert-service","timestamp":"2025-11-01 14:24:27"}
{"level":"error","message":"Error saving job: JobListing validation failed: experienceLevel: `null` is not a valid enum value for path `experienceLevel`.","service":"job-alert-service","timestamp":"2025-11-01 14:24:27"}
{"level":"error","message":"Error saving job: JobListing validation failed: experienceLevel: `null` is not a valid enum value for path `experienceLevel`.","service":"job-alert-service","timestamp":"2025-11-01 14:24:27"}
{"level":"error","message":"Error saving job: JobListing validation failed: experienceLevel: `null` is not a valid enum value for path `experienceLevel`.","service":"job-alert-service","timestamp":"2025-11-01 14:51:00"}
{"level":"error","message":"Error saving job: JobListing validation failed: experienceLevel: `null` is not a valid enum value for path `experienceLevel`.","service":"job-alert-service","timestamp":"2025-11-01 14:51:00"}
{"level":"error","message":"Error saving job: JobListing validation failed: experienceLevel: `null` is not a valid enum value for path `experienceLevel`.","service":"job-alert-service","timestamp":"2025-11-01 14:51:00"}
{"level":"error","message":"Error saving job: JobListing validation failed: experienceLevel: `null` is not a valid enum value for path `experienceLevel`.","service":"job-alert-service","timestamp":"2025-11-01 14:51:01"}
{"level":"error","message":"Error saving job: JobListing validation failed: experienceLevel: `null` is not a valid enum value for path `experienceLevel`.","service":"job-alert-service","timestamp":"2025-11-01 14:51:01"}
{"level":"error","message":"Error saving job: JobListing validation failed: experienceLevel: `null` is not a valid enum value for path `experienceLevel`.","service":"job-alert-service","timestamp":"2025-11-01 14:51:01"}
{"level":"error","message":"Error saving job: JobListing validation failed: experienceLevel: `null` is not a valid enum value for path `experienceLevel`.","service":"job-alert-service","timestamp":"2025-11-01 14:51:01"}
{"level":"error","message":"Error saving job: JobListing validation failed: experienceLevel: `null` is not a valid enum value for path `experienceLevel`.","service":"job-alert-service","timestamp":"2025-11-01 14:51:01"}
{"level":"error","message":"Error saving job: JobListing validation failed: experienceLevel: `null` is not a valid enum value for path `experienceLevel`.","service":"job-alert-service","timestamp":"2025-11-01 14:51:01"}
{"level":"error","message":"Error saving job: JobListing validation failed: experienceLevel: `null` is not a valid enum value for path `experienceLevel`.","service":"job-alert-service","timestamp":"2025-11-01 14:51:01"}
{"level":"error","message":"Error saving job: JobListing validation failed: experienceLevel: `null` is not a valid enum value for path `experienceLevel`.","service":"job-alert-service","timestamp":"2025-11-01 14:51:01"}
{"level":"error","message":"Error saving job: JobListing validation failed: experienceLevel: `null` is not a valid enum value for path `experienceLevel`.","service":"job-alert-service","timestamp":"2025-11-01 14:51:01"}
{"level":"error","message":"Error saving job: JobListing validation failed: experienceLevel: `null` is not a valid enum value for path `experienceLevel`.","service":"job-alert-service","timestamp":"2025-11-01 14:51:01"}
{"level":"error","message":"Error saving job: JobListing validation failed: experienceLevel: `null` is not a valid enum value for path `experienceLevel`.","service":"job-alert-service","timestamp":"2025-11-01 14:51:01"}
{"level":"error","message":"Error saving job: JobListing validation failed: experienceLevel: `null` is not a valid enum value for path `experienceLevel`.","service":"job-alert-service","timestamp":"2025-11-01 14:51:01"}
{"level":"error","message":"Error saving job: JobListing validation failed: experienceLevel: `null` is not a valid enum value for path `experienceLevel`.","service":"job-alert-service","timestamp":"2025-11-01 14:51:01"}
{"level":"error","message":"Razorpay order creation failed: undefined","service":"job-alert-service","timestamp":"2025-11-01 15:00:40"}
{"level":"error","message":"Razorpay order creation failed: undefined","service":"job-alert-service","timestamp":"2025-11-01 15:00:52"}
{"level":"error","message":"Error saving job: JobListing validation failed: experienceLevel: `null` is not a valid enum value for path `experienceLevel`.","service":"job-alert-service","timestamp":"2025-11-01 15:02:06"}
{"level":"error","message":"Error saving job: JobListing validation failed: experienceLevel: `null` is not a valid enum value for path `experienceLevel`.","service":"job-alert-service","timestamp":"2025-11-01 15:02:06"}
{"level":"error","message":"Error saving job: JobListing validation failed: experienceLevel: `null` is not a valid enum value for path `experienceLevel`.","service":"job-alert-service","timestamp":"2025-11-01 15:02:06"}
{"level":"error","message":"Error saving job: JobListing validation failed: experienceLevel: `null` is not a valid enum value for path `experienceLevel`.","service":"job-alert-service","timestamp":"2025-11-01 15:02:06"}
{"level":"error","message":"Error saving job: JobListing validation failed: experienceLevel: `null` is not a valid enum value for path `experienceLevel`.","service":"job-alert-service","timestamp":"2025-11-01 15:02:06"}
{"level":"error","message":"Error saving job: JobListing validation failed: experienceLevel: `null` is not a valid enum value for path `experienceLevel`.","service":"job-alert-service","timestamp":"2025-11-01 15:02:06"}
{"level":"error","message":"Error saving job: JobListing validation failed: experienceLevel: `null` is not a valid enum value for path `experienceLevel`.","service":"job-alert-service","timestamp":"2025-11-01 15:02:07"}
{"level":"error","message":"Error saving job: JobListing validation failed: experienceLevel: `null` is not a valid enum value for path `experienceLevel`.","service":"job-alert-service","timestamp":"2025-11-01 15:02:07"}
{"level":"error","message":"Error saving job: JobListing validation failed: experienceLevel: `null` is not a valid enum value for path `experienceLevel`.","service":"job-alert-service","timestamp":"2025-11-01 15:02:07"}
{"level":"error","message":"Error saving job: JobListing validation failed: experienceLevel: `null` is not a valid enum value for path `experienceLevel`.","service":"job-alert-service","timestamp":"2025-11-01 15:02:07"}
{"level":"error","message":"Error saving job: JobListing validation failed: experienceLevel: `null` is not a valid enum value for path `experienceLevel`.","service":"job-alert-service","timestamp":"2025-11-01 15:02:07"}
{"level":"error","message":"Error saving job: JobListing validation failed: experienceLevel: `null` is not a valid enum value for path `experienceLevel`.","service":"job-alert-service","timestamp":"2025-11-01 15:02:07"}
{"level":"error","message":"Error saving job: JobListing validation failed: experienceLevel: `null` is not a valid enum value for path `experienceLevel`.","service":"job-alert-service","timestamp":"2025-11-01 15:02:07"}
{"level":"error","message":"Error saving job: JobListing validation failed: experienceLevel: `null` is not a valid enum value for path `experienceLevel`.","service":"job-alert-service","timestamp":"2025-11-01 15:02:07"}
{"level":"error","message":"Error saving job: JobListing validation failed: experienceLevel: `null` is not a valid enum value for path `experienceLevel`.","service":"job-alert-service","timestamp":"2025-11-01 15:02:07"}
{"level":"error","message":"Error saving job: JobListing validation failed: experienceLevel: `null` is not a valid enum value for path `experienceLevel`.","service":"job-alert-service","timestamp":"2025-11-01 15:02:07"}
{"level":"error","message":"Razorpay order creation failed: undefined","service":"job-alert-service","timestamp":"2025-11-01 20:15:27"}
{"level":"error","message":"Error saving job: JobListing validation failed: experienceLevel: `null` is not a valid enum value for path `experienceLevel`.","service":"job-alert-service","timestamp":"2025-11-01 20:17:58"}
{"level":"error","message":"Error saving job: JobListing validation failed: experienceLevel: `null` is not a valid enum value for path `experienceLevel`.","service":"job-alert-service","timestamp":"2025-11-01 20:17:58"}
{"level":"error","message":"Error saving job: JobListing validation failed: experienceLevel: `null` is not a valid enum value for path `experienceLevel`.","service":"job-alert-service","timestamp":"2025-11-01 20:17:58"}
{"level":"error","message":"Error saving job: JobListing validation failed: experienceLevel: `null` is not a valid enum value for path `experienceLevel`.","service":"job-alert-service","timestamp":"2025-11-01 20:17:58"}
{"level":"error","message":"Error saving job: JobListing validation failed: experienceLevel: `null` is not a valid enum value for path `experienceLevel`.","service":"job-alert-service","timestamp":"2025-11-01 20:17:58"}
{"level":"error","message":"Error saving job: JobListing validation failed: experienceLevel: `null` is not a valid enum value for path `experienceLevel`.","service":"job-alert-service","timestamp":"2025-11-01 20:17:58"}
{"level":"error","message":"Error saving job: JobListing validation failed: experienceLevel: `null` is not a valid enum value for path `experienceLevel`.","service":"job-alert-service","timestamp":"2025-11-01 20:17:58"}
{"level":"error","message":"Error saving job: JobListing validation failed: experienceLevel: `null` is not a valid enum value for path `experienceLevel`.","service":"job-alert-service","timestamp":"2025-11-01 20:17:58"}
{"level":"error","message":"Error saving job: JobListing validation failed: experienceLevel: `null` is not a valid enum value for path `experienceLevel`.","service":"job-alert-service","timestamp":"2025-11-01 20:17:58"}
{"level":"error","message":"Error saving job: JobListing validation failed: experienceLevel: `null` is not a valid enum value for path `experienceLevel`.","service":"job-alert-service","timestamp":"2025-11-01 20:17:58"}
{"level":"error","message":"Error saving job: JobListing validation failed: experienceLevel: `null` is not a valid enum value for path `experienceLevel`.","service":"job-alert-service","timestamp":"2025-11-01 20:17:58"}
{"level":"error","message":"Error saving job: JobListing validation failed: experienceLevel: `null` is not a valid enum value for path `experienceLevel`.","service":"job-alert-service","timestamp":"2025-11-01 20:17:58"}
{"level":"error","message":"Error saving job: JobListing validation failed: experienceLevel: `null` is not a valid enum value for path `experienceLevel`.","service":"job-alert-service","timestamp":"2025-11-01 20:17:58"}
{"level":"error","message":"Error saving job: JobListing validation failed: experienceLevel: `null` is not a valid enum value for path `experienceLevel`.","service":"job-alert-service","timestamp":"2025-11-01 20:17:58"}
{"level":"error","message":"Error saving job: JobListing validation failed: experienceLevel: `null` is not a valid enum value for path `experienceLevel`.","service":"job-alert-service","timestamp":"2025-11-01 20:17:58"}
{"level":"error","message":"Error saving job: JobListing validation failed: experienceLevel: `null` is not a valid enum value for path `experienceLevel`.","service":"job-alert-service","timestamp":"2025-11-01 20:17:58"}
{"level":"error","message":"Razorpay order creation failed: undefined","service":"job-alert-service","timestamp":"2025-11-01 20:27:03"}
{"level":"error","message":"Razorpay order creation failed: undefined","service":"job-alert-service","timestamp":"2025-11-01 20:33:06"}
{"level":"error","message":"Razorpay order creation failed: Unknown error","service":"job-alert-service","timestamp":"2025-11-01 20:37:17"}
{"level":"error","message":"Error saving job: JobListing validation failed: experienceLevel: `null` is not a valid enum value for path `experienceLevel`.","service":"job-alert-service","timestamp":"2025-11-01 20:48:19"}
{"level":"error","message":"Error saving job: JobListing validation failed: experienceLevel: `null` is not a valid enum value for path `experienceLevel`.","service":"job-alert-service","timestamp":"2025-11-01 20:48:19"}
{"level":"error","message":"Error saving job: JobListing validation failed: experienceLevel: `null` is not a valid enum value for path `experienceLevel`.","service":"job-alert-service","timestamp":"2025-11-01 20:48:20"}
{"level":"error","message":"Error saving job: JobListing validation failed: experienceLevel: `null` is not a valid enum value for path `experienceLevel`.","service":"job-alert-service","timestamp":"2025-11-01 20:48:20"}
{"level":"error","message":"Error saving job: JobListing validation failed: experienceLevel: `null` is not a valid enum value for path `experienceLevel`.","service":"job-alert-service","timestamp":"2025-11-01 20:48:20"}
{"level":"error","message":"Error saving job: JobListing validation failed: experienceLevel: `null` is not a valid enum value for path `experienceLevel`.","service":"job-alert-service","timestamp":"2025-11-01 20:48:20"}
{"level":"error","message":"Error saving job: JobListing validation failed: experienceLevel: `null` is not a valid enum value for path `experienceLevel`.","service":"job-alert-service","timestamp":"2025-11-01 20:48:20"}
{"level":"error","message":"Error saving job: JobListing validation failed: experienceLevel: `null` is not a valid enum value for path `experienceLevel`.","service":"job-alert-service","timestamp":"2025-11-01 20:48:20"}
{"level":"error","message":"Error saving job: JobListing validation failed: experienceLevel: `null` is not a valid enum value for path `experienceLevel`.","service":"job-alert-service","timestamp":"2025-11-01 20:48:20"}
{"level":"error","message":"Error saving job: JobListing validation failed: experienceLevel: `null` is not a valid enum value for path `experienceLevel`.","service":"job-alert-service","timestamp":"2025-11-01 20:48:20"}
{"level":"error","message":"Error saving job: JobListing validation failed: experienceLevel: `null` is not a valid enum value for path `experienceLevel`.","service":"job-alert-service","timestamp":"2025-11-01 20:48:20"}
{"level":"error","message":"Error saving job: JobListing validation failed: experienceLevel: `null` is not a valid enum value for path `experienceLevel`.","service":"job-alert-service","timestamp":"2025-11-01 20:48:20"}
{"level":"error","message":"Error saving job: JobListing validation failed: experienceLevel: `null` is not a valid enum value for path `experienceLevel`.","service":"job-alert-service","timestamp":"2025-11-01 20:48:20"}
{"level":"error","message":"Error saving job: JobListing validation failed: experienceLevel: `null` is not a valid enum value for path `experienceLevel`.","service":"job-alert-service","timestamp":"2025-11-01 20:48:20"}
{"level":"error","message":"Error saving job: JobListing validation failed: experienceLevel: `null` is not a valid enum value for path `experienceLevel`.","service":"job-alert-service","timestamp":"2025-11-01 20:48:20"}
{"level":"error","message":"Error saving job: JobListing validation failed: experienceLevel: `null` is not a valid enum value for path `experienceLevel`.","service":"job-alert-service","timestamp":"2025-11-01 20:48:20"}
{"level":"error","message":"Error saving job: JobListing validation failed: experienceLevel: `null` is not a valid enum value for path `experienceLevel`.","service":"job-alert-service","timestamp":"2025-11-02 09:59:53"}
{"level":"error","message":"Error saving job: JobListing validation failed: experienceLevel: `null` is not a valid enum value for path `experienceLevel`.","service":"job-alert-service","timestamp":"2025-11-02 09:59:53"}
{"level":"error","message":"Error saving job: JobListing validation failed: experienceLevel: `null` is not a valid enum value for path `experienceLevel`.","service":"job-alert-service","timestamp":"2025-11-02 09:59:53"}
{"level":"error","message":"Error saving job: JobListing validation failed: experienceLevel: `null` is not a valid enum value for path `experienceLevel`.","service":"job-alert-service","timestamp":"2025-11-02 09:59:53"}
{"level":"error","message":"Error saving job: JobListing validation failed: experienceLevel: `null` is not a valid enum value for path `experienceLevel`.","service":"job-alert-service","timestamp":"2025-11-02 09:59:53"}
{"level":"error","message":"Error saving job: JobListing validation failed: experienceLevel: `null` is not a valid enum value for path `experienceLevel`.","service":"job-alert-service","timestamp":"2025-11-02 09:59:53"}
{"level":"error","message":"Error saving job: JobListing validation failed: experienceLevel: `null` is not a valid enum value for path `experienceLevel`.","service":"job-alert-service","timestamp":"2025-11-02 09:59:54"}
{"level":"error","message":"Error saving job: JobListing validation failed: experienceLevel: `null` is not a valid enum value for path `experienceLevel`.","service":"job-alert-service","timestamp":"2025-11-02 09:59:54"}
{"level":"error","message":"Error saving job: JobListing validation failed: experienceLevel: `null` is not a valid enum value for path `experienceLevel`.","service":"job-alert-service","timestamp":"2025-11-02 09:59:54"}
{"level":"error","message":"Error saving job: JobListing validation failed: experienceLevel: `null` is not a valid enum value for path `experienceLevel`.","service":"job-alert-service","timestamp":"2025-11-02 09:59:54"}
{"level":"error","message":"Error saving job: JobListing validation failed: experienceLevel: `null` is not a valid enum value for path `experienceLevel`.","service":"job-alert-service","timestamp":"2025-11-02 09:59:54"}
{"level":"error","message":"Error saving job: JobListing validation failed: experienceLevel: `null` is not a valid enum value for path `experienceLevel`.","service":"job-alert-service","timestamp":"2025-11-02 09:59:54"}
{"level":"error","message":"Error saving job: JobListing validation failed: experienceLevel: `null` is not a valid enum value for path `experienceLevel`.","service":"job-alert-service","timestamp":"2025-11-02 09:59:54"}
{"level":"error","message":"Error saving job: JobListing validation failed: experienceLevel: `null` is not a valid enum value for path `experienceLevel`.","service":"job-alert-service","timestamp":"2025-11-02 09:59:54"}
{"level":"error","message":"Error saving job: JobListing validation failed: experienceLevel: `null` is not a valid enum value for path `experienceLevel`.","service":"job-alert-service","timestamp":"2025-11-02 10:02:25"}
{"level":"error","message":"Error saving job: JobListing validation failed: experienceLevel: `null` is not a valid enum value for path `experienceLevel`.","service":"job-alert-service","timestamp":"2025-11-02 10:02:25"}
{"level":"error","message":"Error saving job: JobListing validation failed: experienceLevel: `null` is not a valid enum value for path `experienceLevel`.","service":"job-alert-service","timestamp":"2025-11-02 10:02:25"}
{"level":"error","message":"Error saving job: JobListing validation failed: experienceLevel: `null` is not a valid enum value for path `experienceLevel`.","service":"job-alert-service","timestamp":"2025-11-02 10:02:25"}
{"level":"error","message":"Error saving job: JobListing validation failed: experienceLevel: `null` is not a valid enum value for path `experienceLevel`.","service":"job-alert-service","timestamp":"2025-11-02 10:02:25"}
{"level":"error","message":"Error saving job: JobListing validation failed: experienceLevel: `null` is not a valid enum value for path `experienceLevel`.","service":"job-alert-service","timestamp":"2025-11-02 10:02:25"}
{"level":"error","message":"Error saving job: JobListing validation failed: experienceLevel: `null` is not a valid enum value for path `experienceLevel`.","service":"job-alert-service","timestamp":"2025-11-02 10:02:25"}
{"level":"error","message":"Error saving job: JobListing validation failed: experienceLevel: `null` is not a valid enum value for path `experienceLevel`.","service":"job-alert-service","timestamp":"2025-11-02 10:02:25"}
{"level":"error","message":"Error saving job: JobListing validation failed: experienceLevel: `null` is not a valid enum value for path `experienceLevel`.","service":"job-alert-service","timestamp":"2025-11-02 10:02:25"}
{"level":"error","message":"Error saving job: JobListing validation failed: experienceLevel: `null` is not a valid enum value for path `experienceLevel`.","service":"job-alert-service","timestamp":"2025-11-02 10:02:25"}
{"level":"error","message":"Error saving job: JobListing validation failed: experienceLevel: `null` is not a valid enum value for path `experienceLevel`.","service":"job-alert-service","timestamp":"2025-11-02 10:02:25"}
{"level":"error","message":"Error saving job: JobListing validation failed: experienceLevel: `null` is not a valid enum value for path `experienceLevel`.","service":"job-alert-service","timestamp":"2025-11-02 10:02:25"}
{"level":"error","message":"Error saving job: JobListing validation failed: experienceLevel: `null` is not a valid enum value for path `experienceLevel`.","service":"job-alert-service","timestamp":"2025-11-02 10:02:25"}
{"level":"error","message":"Error saving job: JobListing validation failed: experienceLevel: `null` is not a valid enum value for path `experienceLevel`.","service":"job-alert-service","timestamp":"2025-11-02 10:02:26"}
{"level":"error","message":"Error saving job: JobListing validation failed: experienceLevel: `null` is not a valid enum value for path `experienceLevel`.","service":"job-alert-service","timestamp":"2025-11-02 10:02:26"}
{"level":"error","message":"Error saving job: JobListing validation failed: experienceLevel: `null` is not a valid enum value for path `experienceLevel`.","service":"job-alert-service","timestamp":"2025-11-02 10:02:26"}
{"level":"error","message":"Error saving job: JobListing validation failed: experienceLevel: `null` is not a valid enum value for path `experienceLevel`.","service":"job-alert-service","timestamp":"2025-11-03 11:55:32"}
{"level":"error","message":"Error saving job: JobListing validation failed: experienceLevel: `null` is not a valid enum value for path `experienceLevel`.","service":"job-alert-service","timestamp":"2025-11-03 11:55:32"}
{"level":"error","message":"Error saving job: JobListing validation failed: experienceLevel: `null` is not a valid enum value for path `experienceLevel`.","service":"job-alert-service","timestamp":"2025-11-03 11:55:32"}
{"level":"error","message":"Error saving job: JobListing validation failed: experienceLevel: `null` is not a valid enum value for path `experienceLevel`.","service":"job-alert-service","timestamp":"2025-11-03 11:55:32"}
{"level":"error","message":"Error saving job: JobListing validation failed: experienceLevel: `null` is not a valid enum value for path `experienceLevel`.","service":"job-alert-service","timestamp":"2025-11-03 11:55:33"}
{"level":"error","message":"Error saving job: JobListing validation failed: experienceLevel: `null` is not a valid enum value for path `experienceLevel`.","service":"job-alert-service","timestamp":"2025-11-03 11:55:33"}
{"level":"error","message":"Error saving job: JobListing validation failed: experienceLevel: `null` is not a valid enum value for path `experienceLevel`.","service":"job-alert-service","timestamp":"2025-11-03 11:55:33"}
{"level":"error","message":"Error saving job: JobListing validation failed: experienceLevel: `null` is not a valid enum value for path `experienceLevel`.","service":"job-alert-service","timestamp":"2025-11-03 11:55:33"}
{"level":"error","message":"Error saving job: JobListing validation failed: experienceLevel: `null` is not a valid enum value for path `experienceLevel`.","service":"job-alert-service","timestamp":"2025-11-03 11:55:33"}
{"level":"error","message":"Error saving job: JobListing validation failed: experienceLevel: `null` is not a valid enum value for path `experienceLevel`.","service":"job-alert-service","timestamp":"2025-11-03 11:55:33"}
{"level":"error","message":"Error saving job: JobListing validation failed: experienceLevel: `null` is not a valid enum value for path `experienceLevel`.","service":"job-alert-service","timestamp":"2025-11-03 11:55:33"}
{"level":"error","message":"Error saving job: JobListing validation failed: experienceLevel: `null` is not a valid enum value for path `experienceLevel`.","service":"job-alert-service","timestamp":"2025-11-03 11:55:33"}
{"level":"error","message":"Error saving job: JobListing validation failed: experienceLevel: `null` is not a valid enum value for path `experienceLevel`.","service":"job-alert-service","timestamp":"2025-11-03 11:55:33"}
{"level":"error","message":"Error saving job: JobListing validation failed: experienceLevel: `null` is not a valid enum value for path `experienceLevel`.","service":"job-alert-service","timestamp":"2025-11-03 11:55:33"}
{"level":"error","message":"Error saving job: JobListing validation failed: experienceLevel: `null` is not a valid enum value for path `experienceLevel`.","service":"job-alert-service","timestamp":"2025-11-03 11:55:33"}
{"level":"error","message":"Error saving job: JobListing validation failed: experienceLevel: `null` is not a valid enum value for path `experienceLevel`.","service":"job-alert-service","timestamp":"2025-11-03 11:55:33"}
{"level":"error","message":"Error saving job: JobListing validation failed: experienceLevel: `null` is not a valid enum value for path `experienceLevel`.","service":"job-alert-service","timestamp":"2025-11-03 12:03:29"}
{"level":"error","message":"Error saving job: JobListing validation failed: experienceLevel: `null` is not a valid enum value for path `experienceLevel`.","service":"job-alert-service","timestamp":"2025-11-03 12:03:29"}
{"level":"error","message":"Error saving job: JobListing validation failed: experienceLevel: `null` is not a valid enum value for path `experienceLevel`.","service":"job-alert-service","timestamp":"2025-11-03 12:03:29"}
{"level":"error","message":"Error saving job: JobListing validation failed: experienceLevel: `null` is not a valid enum value for path `experienceLevel`.","service":"job-alert-service","timestamp":"2025-11-03 12:03:29"}
{"level":"error","message":"Error saving job: JobListing validation failed: experienceLevel: `null` is not a valid enum value for path `experienceLevel`.","service":"job-alert-service","timestamp":"2025-11-03 12:03:29"}
{"level":"error","message":"Error saving job: JobListing validation failed: experienceLevel: `null` is not a valid enum value for path `experienceLevel`.","service":"job-alert-service","timestamp":"2025-11-03 12:03:29"}
{"level":"error","message":"Error saving job: JobListing validation failed: experienceLevel: `null` is not a valid enum value for path `experienceLevel`.","service":"job-alert-service","timestamp":"2025-11-03 12:03:29"}
{"level":"error","message":"Error saving job: JobListing validation failed: experienceLevel: `null` is not a valid enum value for path `experienceLevel`.","service":"job-alert-service","timestamp":"2025-11-03 12:03:29"}
{"level":"error","message":"Error saving job: JobListing validation failed: experienceLevel: `null` is not a valid enum value for path `experienceLevel`.","service":"job-alert-service","timestamp":"2025-11-03 12:03:29"}
{"level":"error","message":"Error saving job: JobListing validation failed: experienceLevel: `null` is not a valid enum value for path `experienceLevel`.","service":"job-alert-service","timestamp":"2025-11-03 12:03:29"}
{"level":"error","message":"Error saving job: JobListing validation failed: experienceLevel: `null` is not a valid enum value for path `experienceLevel`.","service":"job-alert-service","timestamp":"2025-11-03 12:03:29"}
{"level":"error","message":"Error saving job: JobListing validation failed: experienceLevel: `null` is not a valid enum value for path `experienceLevel`.","service":"job-alert-service","timestamp":"2025-11-03 12:03:29"}
{"level":"error","message":"Error saving job: JobListing validation failed: experienceLevel: `null` is not a valid enum value for path `experienceLevel`.","service":"job-alert-service","timestamp":"2025-11-03 12:03:29"}
{"level":"error","message":"Error saving job: JobListing validation failed: experienceLevel: `null` is not a valid enum value for path `experienceLevel`.","service":"job-alert-service","timestamp":"2025-11-03 12:03:29"}
{"level":"error","message":"Error saving job: JobListing validation failed: experienceLevel: `null` is not a valid enum value for path `experienceLevel`.","service":"job-alert-service","timestamp":"2025-11-03 12:03:29"}
{"level":"error","message":"Error saving job: JobListing validation failed: experienceLevel: `null` is not a valid enum value for path `experienceLevel`.","service":"job-alert-service","timestamp":"2025-11-03 12:03:29"}
